# JRE version: OpenJDK Runtime Environment (7.0_79-b14) (build 1.7.0_79-b14)
# Java VM: OpenJDK 64-Bit Server VM (24.79-b02 mixed mode linux-amd64 compressed oops)
Heap
 PSYoungGen      total 127488K, used 2592K [0x00000000eaa80000, 0x00000000f2f80000, 0x0000000100000000)
  eden space 118784K, 0% used [0x00000000eaa80000,0x00000000eaa80000,0x00000000f1e80000)
  from space 8704K, 29% used [0x00000000f1e80000,0x00000000f2108020,0x00000000f2700000)
  to   space 8704K, 0% used [0x00000000f2700000,0x00000000f2700000,0x00000000f2f80000)
 ParOldGen       total 37888K, used 13693K [0x00000000c0000000, 0x00000000c2500000, 0x00000000eaa80000)
  object space 37888K, 36% used [0x00000000c0000000,0x00000000c0d5f628,0x00000000c2500000)
 PSPermGen       total 21504K, used 21062K [0x00000000b0000000, 0x00000000b1500000, 0x00000000c0000000)
  object space 21504K, 97% used [0x00000000b0000000,0x00000000b1491b50,0x00000000b1500000)
GC Heap History (10 events):
Event: 3.609 GC heap after
Heap after GC invocations=2 (full 0):
 PSYoungGen      total 31744K, used 2016K [0x00000000eaa80000, 0x00000000ecb80000, 0x0000000100000000)
  eden space 29696K, 0% used [0x00000000eaa80000,0x00000000eaa80000,0x00000000ec780000)
  from space 2048K, 98% used [0x00000000ec980000,0x00000000ecb78248,0x00000000ecb80000)
  to   space 2048K, 0% used [0x00000000ec780000,0x00000000ec780000,0x00000000ec980000)
 ParOldGen       total 37888K, used 984K [0x00000000c0000000, 0x00000000c2500000, 0x00000000eaa80000)
  object space 37888K, 2% used [0x00000000c0000000,0x00000000c00f6160,0x00000000c2500000)
 PSPermGen       total 21504K, used 7028K [0x00000000b0000000, 0x00000000b1500000, 0x00000000c0000000)
  object space 21504K, 32% used [0x00000000b0000000,0x00000000b06dd110,0x00000000b1500000)
}
Event: 6.483 GC heap before
{Heap before GC invocations=3 (full 0):
 PSYoungGen      total 31744K, used 31712K [0x00000000eaa80000, 0x00000000ecb80000, 0x0000000100000000)
  eden space 29696K, 100% used [0x00000000eaa80000,0x00000000ec780000,0x00000000ec780000)
  from space 2048K, 98% used [0x00000000ec980000,0x00000000ecb78248,0x00000000ecb80000)
  to   space 2048K, 0% used [0x00000000ec780000,0x00000000ec780000,0x00000000ec980000)
 ParOldGen       total 37888K, used 984K [0x00000000c0000000, 0x00000000c2500000, 0x00000000eaa80000)
  object space 37888K, 2% used [0x00000000c0000000,0x00000000c00f6160,0x00000000c2500000)
 PSPermGen       total 21504K, used 12309K [0x00000000b0000000, 0x00000000b1500000, 0x00000000c0000000)
  object space 21504K, 57% used [0x00000000b0000000,0x00000000b0c057a8,0x00000000b1500000)
Event: 6.531 GC heap after
Heap after GC invocations=3 (full 0):
 PSYoungGen      total 31744K, used 2048K [0x00000000eaa80000, 0x00000000ee880000, 0x0000000100000000)
  eden space 29696K, 0% used [0x00000000eaa80000,0x00000000eaa80000,0x00000000ec780000)
  from space 2048K, 100% used [0x00000000ec780000,0x00000000ec980000,0x00000000ec980000)
  to   space 2048K, 0% used [0x00000000ee680000,0x00000000ee680000,0x00000000ee880000)
 ParOldGen       total 37888K, used 5208K [0x00000000c0000000, 0x00000000c2500000, 0x00000000eaa80000)
  object space 37888K, 13% used [0x00000000c0000000,0x00000000c0516348,0x00000000c2500000)
 PSPermGen       total 21504K, used 12309K [0x00000000b0000000, 0x00000000b1500000, 0x00000000c0000000)
  object space 21504K, 57% used [0x00000000b0000000,0x00000000b0c057a8,0x00000000b1500000)
}
Event: 10.056 GC heap before
{Heap before GC invocations=4 (full 0):
 PSYoungGen      total 31744K, used 31744K [0x00000000eaa80000, 0x00000000ee880000, 0x0000000100000000)
  eden space 29696K, 100% used [0x00000000eaa80000,0x00000000ec780000,0x00000000ec780000)
  from space 2048K, 100% used [0x00000000ec780000,0x00000000ec980000,0x00000000ec980000)
  to   space 2048K, 0% used [0x00000000ee680000,0x00000000ee680000,0x00000000ee880000)
 ParOldGen       total 37888K, used 5208K [0x00000000c0000000, 0x00000000c2500000, 0x00000000eaa80000)
  object space 37888K, 13% used [0x00000000c0000000,0x00000000c0516348,0x00000000c2500000)
 PSPermGen       total 21504K, used 17871K [0x00000000b0000000, 0x00000000b1500000, 0x00000000c0000000)
  object space 21504K, 83% used [0x00000000b0000000,0x00000000b1173c80,0x00000000b1500000)
Event: 10.133 GC heap after
Heap after GC invocations=4 (full 0):
 PSYoungGen      total 61440K, used 2048K [0x00000000eaa80000, 0x00000000ee880000, 0x0000000100000000)
  eden space 59392K, 0% used [0x00000000eaa80000,0x00000000eaa80000,0x00000000ee480000)
  from space 2048K, 100% used [0x00000000ee680000,0x00000000ee880000,0x00000000ee880000)
  to   space 2048K, 0% used [0x00000000ee480000,0x00000000ee480000,0x00000000ee680000)
 ParOldGen       total 37888K, used 9675K [0x00000000c0000000, 0x00000000c2500000, 0x00000000eaa80000)
  object space 37888K, 25% used [0x00000000c0000000,0x00000000c0972da0,0x00000000c2500000)
 PSPermGen       total 21504K, used 17871K [0x00000000b0000000, 0x00000000b1500000, 0x00000000c0000000)
  object space 21504K, 83% used [0x00000000b0000000,0x00000000b1173c80,0x00000000b1500000)
}
Event: 16.525 GC heap before
{Heap before GC invocations=5 (full 0):
 PSYoungGen      total 61440K, used 61440K [0x00000000eaa80000, 0x00000000ee880000, 0x0000000100000000)
  eden space 59392K, 100% used [0x00000000eaa80000,0x00000000ee480000,0x00000000ee480000)
  from space 2048K, 100% used [0x00000000ee680000,0x00000000ee880000,0x00000000ee880000)
  to   space 2048K, 0% used [0x00000000ee480000,0x00000000ee480000,0x00000000ee680000)
 ParOldGen       total 37888K, used 9675K [0x00000000c0000000, 0x00000000c2500000, 0x00000000eaa80000)
  object space 37888K, 25% used [0x00000000c0000000,0x00000000c0972da0,0x00000000c2500000)
 PSPermGen       total 21504K, used 21027K [0x00000000b0000000, 0x00000000b1500000, 0x00000000c0000000)
  object space 21504K, 97% used [0x00000000b0000000,0x00000000b1488c48,0x00000000b1500000)
Event: 16.650 GC heap after
Heap after GC invocations=5 (full 0):
 PSYoungGen      total 61440K, used 2048K [0x00000000eaa80000, 0x00000000f2f80000, 0x0000000100000000)
  eden space 59392K, 0% used [0x00000000eaa80000,0x00000000eaa80000,0x00000000ee480000)
  from space 2048K, 100% used [0x00000000ee480000,0x00000000ee680000,0x00000000ee680000)
  to   space 8704K, 0% used [0x00000000f2700000,0x00000000f2700000,0x00000000f2f80000)
 ParOldGen       total 37888K, used 13318K [0x00000000c0000000, 0x00000000c2500000, 0x00000000eaa80000)
  object space 37888K, 35% used [0x00000000c0000000,0x00000000c0d01b18,0x00000000c2500000)
 PSPermGen       total 21504K, used 21027K [0x00000000b0000000, 0x00000000b1500000, 0x00000000c0000000)
  object space 21504K, 97% used [0x00000000b0000000,0x00000000b1488c48,0x00000000b1500000)
}
Event: 18.323 GC heap before
{Heap before GC invocations=6 (full 0):
 PSYoungGen      total 61440K, used 61440K [0x00000000eaa80000, 0x00000000f2f80000, 0x0000000100000000)
  eden space 59392K, 100% used [0x00000000eaa80000,0x00000000ee480000,0x00000000ee480000)
  from space 2048K, 100% used [0x00000000ee480000,0x00000000ee680000,0x00000000ee680000)
  to   space 8704K, 0% used [0x00000000f2700000,0x00000000f2700000,0x00000000f2f80000)
 ParOldGen       total 37888K, used 13318K [0x00000000c0000000, 0x00000000c2500000, 0x00000000eaa80000)
  object space 37888K, 35% used [0x00000000c0000000,0x00000000c0d01b18,0x00000000c2500000)
 PSPermGen       total 21504K, used 21040K [0x00000000b0000000, 0x00000000b1500000, 0x00000000c0000000)
  object space 21504K, 97% used [0x00000000b0000000,0x00000000b148c028,0x00000000b1500000)
Event: 18.375 GC heap after
Heap after GC invocations=6 (full 0):
 PSYoungGen      total 127488K, used 2400K [0x00000000eaa80000, 0x00000000f2f80000, 0x0000000100000000)
  eden space 118784K, 0% used [0x00000000eaa80000,0x00000000eaa80000,0x00000000f1e80000)
  from space 8704K, 27% used [0x00000000f2700000,0x00000000f2958000,0x00000000f2f80000)
  to   space 8704K, 0% used [0x00000000f1e80000,0x00000000f1e80000,0x00000000f2700000)
 ParOldGen       total 37888K, used 13318K [0x00000000c0000000, 0x00000000c2500000, 0x00000000eaa80000)
  object space 37888K, 35% used [0x00000000c0000000,0x00000000c0d01b18,0x00000000c2500000)
 PSPermGen       total 21504K, used 21040K [0x00000000b0000000, 0x00000000b1500000, 0x00000000c0000000)
  object space 21504K, 97% used [0x00000000b0000000,0x00000000b148c028,0x00000000b1500000)
}
Event: 22.829 GC heap before
{Heap before GC invocations=7 (full 0):
 PSYoungGen      total 127488K, used 121184K [0x00000000eaa80000, 0x00000000f2f80000, 0x0000000100000000)
  eden space 118784K, 100% used [0x00000000eaa80000,0x00000000f1e80000,0x00000000f1e80000)
  from space 8704K, 27% used [0x00000000f2700000,0x00000000f2958000,0x00000000f2f80000)
  to   space 8704K, 0% used [0x00000000f1e80000,0x00000000f1e80000,0x00000000f2700000)
 ParOldGen       total 37888K, used 13318K [0x00000000c0000000, 0x00000000c2500000, 0x00000000eaa80000)
  object space 37888K, 35% used [0x00000000c0000000,0x00000000c0d01b18,0x00000000c2500000)
 PSPermGen       total 21504K, used 21062K [0x00000000b0000000, 0x00000000b1500000, 0x00000000c0000000)
  object space 21504K, 97% used [0x00000000b0000000,0x00000000b1491b50,0x00000000b1500000)

