# JRE version: OpenJDK Runtime Environment (7.0_79-b14) (build 1.7.0_79-b14)
# Java VM: OpenJDK Server VM (24.79-b02 mixed mode linux-x86 )
Heap
 PSYoungGen      total 105472K, used 10306K [0xa8680000, 0xafc00000, 0xb3140000)
  eden space 93440K, 0% used [0xa8680000,0xa8680000,0xae1c0000)
  from space 12032K, 85% used [0xae1c0000,0xaebd0ad0,0xaed80000)
  to   space 9216K, 0% used [0xaed80000,0xaed80000,0xaf680000)
 ParOldGen       total 22016K, used 21855K [0x93140000, 0x946c0000, 0xa8680000)
  object space 22016K, 99% used [0x93140000,0x94697df0,0x946c0000)
 PSPermGen       total 29696K, used 29596K [0x8b140000, 0x8ce40000, 0x93140000)
  object space 29696K, 99% used [0x8b140000,0x8ce27180,0x8ce40000)
GC Heap History (10 events):
Event: 3.328 GC heap after
Heap after GC invocations=6 (full 0):
 PSYoungGen      total 34304K, used 3572K [0xa8680000, 0xaae80000, 0xb3140000)
  eden space 30720K, 0% used [0xa8680000,0xa8680000,0xaa480000)
  from space 3584K, 99% used [0xaa900000,0xaac7d178,0xaac80000)
  to   space 4608K, 0% used [0xaa480000,0xaa480000,0xaa900000)
 ParOldGen       total 20736K, used 6000K [0x93140000, 0x94580000, 0xa8680000)
  object space 20736K, 28% used [0x93140000,0x9371c250,0x94580000)
 PSPermGen       total 16384K, used 10270K [0x8b140000, 0x8c140000, 0x93140000)
  object space 16384K, 62% used [0x8b140000,0x8bb47930,0x8c140000)
}
Event: 4.387 GC heap before
{Heap before GC invocations=7 (full 0):
 PSYoungGen      total 34304K, used 34292K [0xa8680000, 0xaae80000, 0xb3140000)
  eden space 30720K, 100% used [0xa8680000,0xaa480000,0xaa480000)
  from space 3584K, 99% used [0xaa900000,0xaac7d178,0xaac80000)
  to   space 4608K, 0% used [0xaa480000,0xaa480000,0xaa900000)
 ParOldGen       total 20736K, used 6000K [0x93140000, 0x94580000, 0xa8680000)
  object space 20736K, 28% used [0x93140000,0x9371c250,0x94580000)
 PSPermGen       total 16384K, used 12595K [0x8b140000, 0x8c140000, 0x93140000)
  object space 16384K, 76% used [0x8b140000,0x8bd8cd38,0x8c140000)
Event: 4.406 GC heap after
Heap after GC invocations=7 (full 0):
 PSYoungGen      total 35328K, used 4602K [0xa8680000, 0xace80000, 0xb3140000)
  eden space 30720K, 0% used [0xa8680000,0xa8680000,0xaa480000)
  from space 4608K, 99% used [0xaa480000,0xaa8feb80,0xaa900000)
  to   space 6144K, 0% used [0xac880000,0xac880000,0xace80000)
 ParOldGen       total 20736K, used 7929K [0x93140000, 0x94580000, 0xa8680000)
  object space 20736K, 38% used [0x93140000,0x938fe6e8,0x94580000)
 PSPermGen       total 16384K, used 12595K [0x8b140000, 0x8c140000, 0x93140000)
  object space 16384K, 76% used [0x8b140000,0x8bd8cd38,0x8c140000)
}
Event: 5.274 GC heap before
{Heap before GC invocations=8 (full 0):
 PSYoungGen      total 35328K, used 35322K [0xa8680000, 0xace80000, 0xb3140000)
  eden space 30720K, 100% used [0xa8680000,0xaa480000,0xaa480000)
  from space 4608K, 99% used [0xaa480000,0xaa8feb80,0xaa900000)
  to   space 6144K, 0% used [0xac880000,0xac880000,0xace80000)
 ParOldGen       total 20736K, used 7929K [0x93140000, 0x94580000, 0xa8680000)
  object space 20736K, 38% used [0x93140000,0x938fe6e8,0x94580000)
 PSPermGen       total 16384K, used 14964K [0x8b140000, 0x8c140000, 0x93140000)
  object space 16384K, 91% used [0x8b140000,0x8bfdd0b8,0x8c140000)
Event: 5.300 GC heap after
Heap after GC invocations=8 (full 0):
 PSYoungGen      total 66304K, used 6130K [0xa8680000, 0xad100000, 0xb3140000)
  eden space 60160K, 0% used [0xa8680000,0xa8680000,0xac140000)
  from space 6144K, 99% used [0xac880000,0xace7c9a8,0xace80000)
  to   space 7424K, 0% used [0xac140000,0xac140000,0xac880000)
 ParOldGen       total 20736K, used 8289K [0x93140000, 0x94580000, 0xa8680000)
  object space 20736K, 39% used [0x93140000,0x939587d0,0x94580000)
 PSPermGen       total 16384K, used 14964K [0x8b140000, 0x8c140000, 0x93140000)
  object space 16384K, 91% used [0x8b140000,0x8bfdd0b8,0x8c140000)
}
Event: 7.084 GC heap before
{Heap before GC invocations=9 (full 0):
 PSYoungGen      total 66304K, used 66290K [0xa8680000, 0xad100000, 0xb3140000)
  eden space 60160K, 100% used [0xa8680000,0xac140000,0xac140000)
  from space 6144K, 99% used [0xac880000,0xace7c9a8,0xace80000)
  to   space 7424K, 0% used [0xac140000,0xac140000,0xac880000)
 ParOldGen       total 20736K, used 8289K [0x93140000, 0x94580000, 0xa8680000)
  object space 20736K, 39% used [0x93140000,0x939587d0,0x94580000)
 PSPermGen       total 18688K, used 18563K [0x8b140000, 0x8c380000, 0x93140000)
  object space 18688K, 99% used [0x8b140000,0x8c360c88,0x8c380000)
Event: 7.131 GC heap after
Heap after GC invocations=9 (full 0):
 PSYoungGen      total 67584K, used 7409K [0xa8680000, 0xaf680000, 0xb3140000)
  eden space 60160K, 0% used [0xa8680000,0xa8680000,0xac140000)
  from space 7424K, 99% used [0xac140000,0xac87c430,0xac880000)
  to   space 9216K, 0% used [0xaed80000,0xaed80000,0xaf680000)
 ParOldGen       total 20736K, used 10257K [0x93140000, 0x94580000, 0xa8680000)
  object space 20736K, 49% used [0x93140000,0x93b445a0,0x94580000)
 PSPermGen       total 18688K, used 18563K [0x8b140000, 0x8c380000, 0x93140000)
  object space 18688K, 99% used [0x8b140000,0x8c360c88,0x8c380000)
}
Event: 10.701 GC heap before
{Heap before GC invocations=10 (full 0):
 PSYoungGen      total 67584K, used 67569K [0xa8680000, 0xaf680000, 0xb3140000)
  eden space 60160K, 100% used [0xa8680000,0xac140000,0xac140000)
  from space 7424K, 99% used [0xac140000,0xac87c430,0xac880000)
  to   space 9216K, 0% used [0xaed80000,0xaed80000,0xaf680000)
 ParOldGen       total 20736K, used 10257K [0x93140000, 0x94580000, 0xa8680000)
  object space 20736K, 49% used [0x93140000,0x93b445a0,0x94580000)
 PSPermGen       total 24064K, used 23926K [0x8b140000, 0x8c8c0000, 0x93140000)
  object space 24064K, 99% used [0x8b140000,0x8c89db80,0x8c8c0000)
Event: 10.771 GC heap after
Heap after GC invocations=10 (full 0):
 PSYoungGen      total 102656K, used 9207K [0xa8680000, 0xafc00000, 0xb3140000)
  eden space 93440K, 0% used [0xa8680000,0xa8680000,0xae1c0000)
  from space 9216K, 99% used [0xaed80000,0xaf67ddb8,0xaf680000)
  to   space 12032K, 0% used [0xae1c0000,0xae1c0000,0xaed80000)
 ParOldGen       total 20736K, used 14034K [0x93140000, 0x94580000, 0xa8680000)
  object space 20736K, 67% used [0x93140000,0x93ef4940,0x94580000)
 PSPermGen       total 24064K, used 23926K [0x8b140000, 0x8c8c0000, 0x93140000)
  object space 24064K, 99% used [0x8b140000,0x8c89db80,0x8c8c0000)
}
Event: 15.872 GC heap before
{Heap before GC invocations=11 (full 0):
 PSYoungGen      total 102656K, used 102647K [0xa8680000, 0xafc00000, 0xb3140000)
  eden space 93440K, 100% used [0xa8680000,0xae1c0000,0xae1c0000)
  from space 9216K, 99% used [0xaed80000,0xaf67ddb8,0xaf680000)
  to   space 12032K, 0% used [0xae1c0000,0xae1c0000,0xaed80000)
 ParOldGen       total 20736K, used 14034K [0x93140000, 0x94580000, 0xa8680000)
  object space 20736K, 67% used [0x93140000,0x93ef4940,0x94580000)
 PSPermGen       total 29696K, used 29596K [0x8b140000, 0x8ce40000, 0x93140000)
  object space 29696K, 99% used [0x8b140000,0x8ce27180,0x8ce40000)

